This file contains any messages produced by compilers while
running configure, to aid debugging if configure makes a mistake.

It was created by [shadow-llvm-tools] configure [x.xx], which was
generated by GNU Autoconf 2.69.  Invocation command line was

  $ ./configure 

## --------- ##
## Platform. ##
## --------- ##

hostname = shadowvm-VirtualBox
uname -m = x86_64
uname -r = 3.16.0-59-generic
uname -s = Linux
uname -v = #79~14.04.1-Ubuntu SMP Mon Jan 18 15:41:27 UTC 2016

/usr/bin/uname -p = unknown
/bin/uname -X     = unknown

/bin/arch              = unknown
/usr/bin/arch -k       = unknown
/usr/convex/getsysinfo = unknown
/usr/bin/hostinfo      = unknown
/bin/machine           = unknown
/usr/bin/oslevel       = unknown
/bin/universe          = unknown

PATH: /usr/local/sbin
PATH: /usr/local/bin
PATH: /usr/sbin
PATH: /usr/bin
PATH: /sbin
PATH: /bin
PATH: /usr/games
PATH: /usr/local/games
PATH: /home/shadowvm/shadow/kleeDeploy/llvm-gcc4.2-2.9-x86_64-linux/bin
PATH: /home/shadowvm/shadow/kleeDeploy/llvm-2.9/Release+Asserts/bin
PATH: /home/shadowvm/shadow/kleeDeploy/whole-program-llvm
PATH: /home/shadowvm/shadow/kleeDeploy/llvm-gcc4.2-2.9-x86_64-linux/bin
PATH: /home/shadowvm/shadow/kleeDeploy/llvm-2.9/Release+Asserts/bin
PATH: /home/shadowvm/shadow/kleeDeploy/whole-program-llvm
PATH: /home/shadowvm/shadow/kleeDeploy/llvm-gcc4.2-2.9-x86_64-linux/bin
PATH: /home/shadowvm/shadow/kleeDeploy/llvm-2.9/Release+Asserts/bin
PATH: /home/shadowvm/shadow/kleeDeploy/whole-program-llvm
PATH: /home/shadowvm/shadow/kleeDeploy/llvm-gcc4.2-2.9-x86_64-linux/bin
PATH: /home/shadowvm/shadow/kleeDeploy/llvm-2.9/Release+Asserts/bin
PATH: /home/shadowvm/shadow/kleeDeploy/whole-program-llvm


## ----------- ##
## Core tests. ##
## ----------- ##

configure:1907: creating ./config.status

## ---------------------- ##
## Running config.status. ##
## ---------------------- ##

This file was extended by [shadow-llvm-tools] config.status [x.xx], which was
generated by GNU Autoconf 2.69.  Invocation command line was

  CONFIG_FILES    = 
  CONFIG_HEADERS  = 
  CONFIG_LINKS    = 
  CONFIG_COMMANDS = 
  $ ./config.status 

on shadowvm-VirtualBox

config.status:725: creating Makefile.common
config.status:886: executing setup commands

## ---------------- ##
## Cache variables. ##
## ---------------- ##

ac_cv_env_build_alias_set=
ac_cv_env_build_alias_value=
ac_cv_env_host_alias_set=
ac_cv_env_host_alias_value=
ac_cv_env_target_alias_set=
ac_cv_env_target_alias_value=

## ----------------- ##
## Output variables. ##
## ----------------- ##

DEFS='-DPACKAGE_NAME=\"\[shadow-llvm-tools\]\" -DPACKAGE_TARNAME=\"--shadow-llvm-tools--\" -DPACKAGE_VERSION=\"\[x.xx\]\" -DPACKAGE_STRING=\"\[shadow-llvm-tools\]\ \[x.xx\]\" -DPACKAGE_BUGREPORT=\"bugs@yourdomain\" -DPACKAGE_URL=\"\"'
ECHO_C=''
ECHO_N='-n'
ECHO_T=''
LIBOBJS=''
LIBS=''
LLVM_OBJ='/home/shadowvm/shadow/kleeDeploy/llvm-2.9'
LLVM_SRC='/home/shadowvm/shadow/kleeDeploy/llvm-2.9'
LTLIBOBJS=''
PACKAGE_BUGREPORT='bugs@yourdomain'
PACKAGE_NAME='[shadow-llvm-tools]'
PACKAGE_STRING='[shadow-llvm-tools] [x.xx]'
PACKAGE_TARNAME='--shadow-llvm-tools--'
PACKAGE_URL=''
PACKAGE_VERSION='[x.xx]'
PATH_SEPARATOR=':'
SHELL='/bin/bash'
bindir='${exec_prefix}/bin'
build_alias=''
datadir='${datarootdir}'
datarootdir='${prefix}/share'
docdir='${datarootdir}/doc/${PACKAGE_TARNAME}'
dvidir='${docdir}'
exec_prefix='${prefix}'
host_alias=''
htmldir='${docdir}'
includedir='${prefix}/include'
infodir='${datarootdir}/info'
libdir='${exec_prefix}/lib'
libexecdir='${exec_prefix}/libexec'
localedir='${datarootdir}/locale'
localstatedir='${prefix}/var'
mandir='${datarootdir}/man'
oldincludedir='/usr/include'
pdfdir='${docdir}'
prefix='/usr/local'
program_transform_name='s,x,x,'
psdir='${docdir}'
sbindir='${exec_prefix}/sbin'
sharedstatedir='${prefix}/com'
sysconfdir='${prefix}/etc'
target_alias=''

## ----------- ##
## confdefs.h. ##
## ----------- ##

/* confdefs.h */
#define PACKAGE_NAME "[shadow-llvm-tools]"
#define PACKAGE_TARNAME "--shadow-llvm-tools--"
#define PACKAGE_VERSION "[x.xx]"
#define PACKAGE_STRING "[shadow-llvm-tools] [x.xx]"
#define PACKAGE_BUGREPORT "bugs@yourdomain"
#define PACKAGE_URL ""

configure: exit 0
