DEBUG:: main() at line 59 ::Executing with command line:
./configure --make-llvm-lib

INFO:: handleCommonOptions() at line 237 ::Disabling assertions
INFO:: handleCommonOptions() at line 244 ::Configuring for Debug build
INFO:: handleLLVMConfig() at line 346 ::Configuring for LLVM bitcode archive
DEBUG:: runTool() at line 219 ::Executing ['which', 'llvm-config']
DEBUG:: runTool() at line 228 ::Execution completed with return code:0
DEBUG:: runTool() at line 229 ::Execution completed with output:"/home/shadowvm/shadow/kleeDeploy/llvm-2.9/Release+Asserts/bin/llvm-config
"
INFO:: handleLLVMConfig() at line 357 ::Using llvm-config at.../home/shadowvm/shadow/kleeDeploy/llvm-2.9/Release+Asserts/bin/llvm-config
DEBUG:: runTool() at line 219 ::Executing [u'/home/shadowvm/shadow/kleeDeploy/llvm-2.9/Release+Asserts/bin/llvm-config',
 '--bindir']
DEBUG:: runTool() at line 228 ::Execution completed with return code:0
DEBUG:: runTool() at line 229 ::Execution completed with output:"/home/shadowvm/shadow/kleeDeploy/llvm-2.9/Release+Asserts/bin
"
INFO:: handleLLVMConfig() at line 374 ::Using llvm tool dir.../home/shadowvm/shadow/kleeDeploy/llvm-2.9/Release+Asserts/bin
INFO:: handleLLVMConfig() at line 390 ::Found "/home/shadowvm/shadow/kleeDeploy/llvm-2.9/Release+Asserts/bin/llvm-objdump".
INFO:: handleLLVMConfig() at line 390 ::Found "/home/shadowvm/shadow/kleeDeploy/llvm-2.9/Release+Asserts/bin/llvm-link".
INFO:: handleLLVMConfig() at line 390 ::Found "/home/shadowvm/shadow/kleeDeploy/llvm-2.9/Release+Asserts/bin/llvm-ar".
INFO:: handleLLVMConfig() at line 390 ::Found "/home/shadowvm/shadow/kleeDeploy/llvm-2.9/Release+Asserts/bin/llvm-nm".
INFO:: findBitCodeCompiler() at line 465 ::Searching for LLVM Bitcode compiler...
DEBUG:: runTool() at line 219 ::Executing ['which', 'llvm-gcc']
DEBUG:: runTool() at line 228 ::Execution completed with return code:0
DEBUG:: runTool() at line 229 ::Execution completed with output:"/home/shadowvm/shadow/kleeDeploy/llvm-gcc4.2-2.9-x86_64-linux/bin/llvm-gcc
"
INFO:: findBitCodeCompiler() at line 481 ::Found llvm-gcc in PATH.../home/shadowvm/shadow/kleeDeploy/llvm-gcc4.2-2.9-x86_64-linux/bin/llvm-gcc
INFO:: testBitCodeCompiler() at line 509 ::Testing LLVM Bitcode compiler.../home/shadowvm/shadow/kleeDeploy/llvm-gcc4.2-2.9-x86_64-linux/bin/llvm-gcc
DEBUG:: runTool() at line 219 ::Executing [u'/home/shadowvm/shadow/kleeDeploy/llvm-gcc4.2-2.9-x86_64-linux/bin/llvm-gcc',
 '-c',
 '-g',
 '-emit-llvm',
 '/tmp/tmpOZePwr.c',
 '-o',
 '/tmp/tmpq3wgOk.bc']
DEBUG:: runTool() at line 228 ::Execution completed with return code:0
DEBUG:: runTool() at line 229 ::Execution completed with output:""
DEBUG:: testBitCodeCompiler() at line 553 ::/home/shadowvm/shadow/kleeDeploy/llvm-gcc4.2-2.9-x86_64-linux/bin/llvm-gcc succeeded
DEBUG:: runTool() at line 219 ::Executing [u'/home/shadowvm/shadow/kleeDeploy/llvm-2.9/Release+Asserts/bin/llvm-dis',
 '-o=/tmp/tmpF7NnA5.ll',
 '/tmp/tmpq3wgOk.bc']
DEBUG:: runTool() at line 228 ::Execution completed with return code:0
DEBUG:: runTool() at line 229 ::Execution completed with output:""
INFO:: testBitCodeCompiler() at line 582 ::Compiler /home/shadowvm/shadow/kleeDeploy/llvm-gcc4.2-2.9-x86_64-linux/bin/llvm-gcc works
INFO:: handleLLVMConfig() at line 410 ::Using LLVM Bitcode Compiler.../home/shadowvm/shadow/kleeDeploy/llvm-gcc4.2-2.9-x86_64-linux/bin/llvm-gcc
WARNING:: determineHostCompiler() at line 269 ::Not using llvm-gcc to build host code.
INFO:: checkForNCurses() at line 606 ::Checking for ncurses...
DEBUG:: runTool() at line 219 ::Executing ['cc', '/tmp/tmpgHc37r.c', '-lncurses', '-o', 'a.out']
DEBUG:: runTool() at line 228 ::Execution completed with return code:0
DEBUG:: runTool() at line 229 ::Execution completed with output:""
DEBUG:: handleLLVMConfig() at line 419 ::Using template substitutions 
{'ARCHIVER': 'llvm-ar',
 'ASSERTS': 'n',
 'CC': u'/home/shadowvm/shadow/kleeDeploy/llvm-gcc4.2-2.9-x86_64-linux/bin/llvm-gcc',
 'DEBUG': 'y',
 'EMIT_LLVM': '-emit-llvm',
 'HOSTCC': 'cc',
 'LINKER': 'llvm-link',
 'NM': 'llvm-nm',
 'OBJDUMP': 'llvm-objdump',
 'TOOLDIR': u'/home/shadowvm/shadow/kleeDeploy/llvm-2.9/Release+Asserts/bin/'} 
for file "/home/shadowvm/shadow/kleeDeploy/klee-uclibc/Makefile.klee"
INFO:: doTemplate() at line 452 ::Writing templated file to "/home/shadowvm/shadow/kleeDeploy/klee-uclibc/Makefile.klee"
INFO:: installPrebuiltConfig() at line 145 ::Setting up pre-made configure for...x86_64
INFO:: installPrebuiltConfig() at line 159 ::Installing .config file
INFO:: installPrebuiltConfig() at line 167 ::Looking for kernel include path...
INFO:: installPrebuiltConfig() at line 169 ::Found "/usr/include/x86_64-linux-gnu"
DEBUG:: installPrebuiltConfig() at line 175 ::Patching KERNEL_HEADERS with path "/usr/include/x86_64-linux-gnu"
